<?xml version="1.0" encoding="utf-8" standalone="no"?>
<!--This file represents the results of running a test suite-->
<test-results name="C:\Work\EuropeanSporstFestival\NUnit\ESF.nunit" total="1" errors="1" failures="0" not-run="0" inconclusive="0" ignored="0" skipped="0" invalid="0" date="2013-09-15" time="17:10:36">
  <environment nunit-version="2.6.2.12296" clr-version="2.0.50727.4241" os-version="Microsoft Windows NT 6.0.6002 Service Pack 2" platform="Win32NT" cwd="C:\Program Files\NUnit 2.6.2\bin" machine-name="MORNÉ-PC" user="Morné" user-domain="Morné-PC" />
  <culture-info current-culture="en-GB" current-uiculture="en-US" />
  <test-suite type="Project" name="C:\Work\EuropeanSporstFestival\NUnit\ESF.nunit" executed="True" result="Failure" success="False" time="0.423" asserts="0">
    <results>
      <test-suite type="Assembly" name="C:\Work\EuropeanSporstFestival\ESF.WebClient.Tests\bin\Debug\ESF.WebClient.Tests.dll" executed="True" result="Failure" success="False" time="0.409" asserts="0">
        <results>
          <test-suite type="Namespace" name="ESF" executed="True" result="Failure" success="False" time="0.408" asserts="0">
            <results>
              <test-suite type="Namespace" name="WebClient" executed="True" result="Failure" success="False" time="0.408" asserts="0">
                <results>
                  <test-suite type="Namespace" name="Tests" executed="True" result="Failure" success="False" time="0.408" asserts="0">
                    <results>
                      <test-suite type="TestFixture" name="ParticipantControllerTests" executed="True" result="Failure" success="False" time="0.406" asserts="0">
                        <results>
                          <test-case name="ESF.WebClient.Tests.ParticipantControllerTests.ViewPersonalDetails_Get_ShowsPersonalDetails" executed="True" result="Error" success="False" time="0.394" asserts="0">
                            <failure>
                              <message><![CDATA[System.NotImplementedException : The method or operation is not implemented.]]></message>
                              <stack-trace><![CDATA[at ESF.WebClient.Controllers.ParticipantController.ViewPersonalDetails(Int32 participantId) in C:\Work\EuropeanSporstFestival\ESF.WebClient\Controllers\ParticipantController.cs:line 13
at ESF.WebClient.Tests.ParticipantControllerTests.ViewPersonalDetails_Get_ShowsPersonalDetails() in C:\Work\EuropeanSporstFestival\ESF.WebClient.Tests\ParticipantControllerTests.cs:line 29
]]></stack-trace>
                            </failure>
                          </test-case>
                        </results>
                      </test-suite>
                    </results>
                  </test-suite>
                </results>
              </test-suite>
            </results>
          </test-suite>
        </results>
      </test-suite>
    </results>
  </test-suite>
</test-results>